2024-08-27T15:34:48.627Z info: Server running on port 3000
2024-08-27T15:34:59.449Z info: Received GET request for /
2024-08-27T15:34:59.490Z info: SQL server is running and the check query was successful.
2024-08-27T15:35:09.950Z info: Fetching class for period: 1, userID: 1
2024-08-27T15:35:09.951Z info: Received POST request for /fetch-class-info/1/1
2024-08-27T15:35:09.978Z info: Starting to fetch class info...
2024-08-27T15:35:10.840Z info: Classes found: [{"period":"MY/12(CG)10/11Chapel","class":"11 Connect Group [11CG] 11 W2","location":"G8","teacher":"Kenn Williams"},{"period":"Period 1","class":"11 Economics","location":"J1","teacher":"Amanda Tanks By: TMY"},{"period":"Period 2","class":"11 Economics","location":"J1","teacher":"Amanda Tanks By: IKE"},{"period":"Period 3","class":"11 Essential English","location":"LB","teacher":"Rachel Kimlin"},{"period":"Period 4","class":"11 Essential English","location":"LB","teacher":"Rachel Kimlin"},{"period":"Period 5","class":"Study 4","location":"CRC1","teacher":"Kate Forbes-Ewan"},{"period":"Period 6","class":"Study 4","location":"CRC1","teacher":"Tania Garner"}]
2024-08-27T15:35:10.843Z info: Class found for period 1: {"period":"MY/12(CG)10/11Chapel","class":"11 Connect Group [11CG] 11 W2","location":"G8","teacher":"Kenn Williams"}
2024-08-27T15:35:10.858Z info: Sending notification: Your next class is period 1 11 Connect Group [11CG] 11 W2 with Kenn Williams at G8 to topic: class_notifier_Kian
2024-08-27T15:35:11.725Z info: Notification sent successfully to class_notifier_Kian
2024-08-27T15:38:56.001Z info: Server running on port 3000
2024-08-27T15:38:58.463Z info: Fetching class for period: 1, userID: 1
2024-08-27T15:38:58.476Z info: Received POST request for /fetch-class-info/1/1
2024-08-27T15:38:58.494Z info: Starting to fetch class info...
2024-08-27T15:38:59.295Z info: Classes found: 7
2024-08-27T15:38:59.295Z info: Class found for period 1: {"period":"MY/12(CG)10/11Chapel","class":"11 Connect Group [11CG] 11 W2","location":"G8","teacher":"Kenn Williams"}
2024-08-27T15:38:59.297Z info: Sending notification: Your next class is period 1 11 Connect Group [11CG] 11 W2 with Kenn Williams at G8 to topic: class_notifier_Kian
2024-08-27T15:39:00.184Z info: Notification sent successfully to class_notifier_Kian
2024-08-27T15:39:38.650Z info: Server running on port 3000
2024-08-27T15:39:40.162Z info: Fetching class for period: 1, userID: 1
2024-08-27T15:39:40.172Z info: Received POST request for /fetch-class-info/1/1
2024-08-27T15:39:40.188Z info: Starting to fetch class info...
2024-08-27T15:39:40.979Z info: Classes found: 7
2024-08-27T15:39:40.979Z info: Class found for period 1: {"period":"MY/12(CG)10/11Chapel","class":"11 Connect Group [11CG] 11 W2","location":"G8","teacher":"Kenn Williams"}
2024-08-27T15:39:41.759Z info: Notification sent successfully to class_notifier_Kian
2024-08-27T15:39:46.541Z info: Server running on port 3000
2024-08-27T15:39:47.999Z info: Fetching class for period: 1, userID: 1
2024-08-27T15:39:48.011Z info: Received POST request for /fetch-class-info/1/1
2024-08-27T15:39:48.040Z info: Starting to fetch class info...
2024-08-27T15:39:48.780Z info: Classes found: 7
2024-08-27T15:39:48.780Z info: Class found for period 1: {"period":"MY/12(CG)10/11Chapel","class":"11 Connect Group [11CG] 11 W2","location":"G8","teacher":"Kenn Williams"}
2024-08-27T15:39:49.488Z info: Notification sent successfully to class_notifier_Kian
2024-08-27T15:46:27.715Z info: Fetching uniform for userID: 1
2024-08-27T15:46:27.725Z info: Server running on port 3000
2024-08-27T15:46:27.740Z info: Starting to fetch class info...
2024-08-27T15:46:28.515Z info: Classes found: 7
2024-08-27T15:47:09.967Z info: Fetching uniform for userID: 1
2024-08-27T15:47:09.976Z info: Server running on port 3000
2024-08-27T15:47:09.989Z info: Starting to fetch class info...
2024-08-27T15:47:10.807Z info: Classes found: 7
2024-08-27T15:47:10.807Z warn: No sport class found for period MY/12(CG)10/11Chapel.
2024-08-27T15:47:10.807Z warn: No sport class found for period Period 1.
2024-08-27T15:47:10.807Z warn: No sport class found for period Period 2.
2024-08-27T15:47:10.807Z warn: No sport class found for period Period 3.
2024-08-27T15:47:10.807Z warn: No sport class found for period Period 4.
2024-08-27T15:47:10.808Z warn: No sport class found for period Period 5.
2024-08-27T15:47:10.808Z warn: No sport class found for period Period 6.
2024-08-27T15:47:39.618Z info: Fetching uniform for userID: 1
2024-08-27T15:47:39.628Z info: Server running on port 3000
2024-08-27T15:47:39.641Z info: Starting to fetch class info...
2024-08-27T15:47:40.386Z info: Classes found: 7
2024-08-27T15:47:40.386Z warn: No sport class found for period MY/12(CG)10/11Chapel.
2024-08-27T15:47:40.386Z info: Sport class found for period Period 1: {"period":"Period 1","class":"11 Economics","location":"J1","teacher":"Amanda Tanks By: TMY"}
2024-08-27T15:47:40.386Z info: Sport class found for period Period 2: {"period":"Period 2","class":"11 Economics","location":"J1","teacher":"Amanda Tanks By: IKE"}
2024-08-27T15:47:40.386Z warn: No sport class found for period Period 3.
2024-08-27T15:47:40.386Z warn: No sport class found for period Period 4.
2024-08-27T15:47:40.386Z warn: No sport class found for period Period 5.
2024-08-27T15:47:40.386Z warn: No sport class found for period Period 6.
2024-08-27T15:49:55.635Z info: Fetching uniform for userID: 1
2024-08-27T15:49:55.642Z info: Server running on port 3000
2024-08-27T15:49:55.654Z info: Starting to fetch class info...
2024-08-27T15:49:56.427Z info: Classes found: 7
2024-08-27T15:49:56.427Z warn: No sport class found for period MY/12(CG)10/11Chapel.
2024-08-27T15:49:56.427Z warn: No sport class found for period Period 1.
2024-08-27T15:49:56.427Z warn: No sport class found for period Period 2.
2024-08-27T15:49:56.427Z warn: No sport class found for period Period 3.
2024-08-27T15:49:56.427Z warn: No sport class found for period Period 4.
2024-08-27T15:49:56.427Z warn: No sport class found for period Period 5.
2024-08-27T15:49:56.427Z warn: No sport class found for period Period 6.
2024-08-27T15:50:16.883Z info: Fetching uniform for userID: 1
2024-08-27T15:50:16.890Z info: Server running on port 3000
2024-08-27T15:50:16.903Z info: Starting to fetch class info...
2024-08-27T15:50:17.930Z info: Classes found: 7
2024-08-27T15:50:17.930Z warn: No sport class found for period MY/12(CG)10/11Chapel.
2024-08-27T15:50:17.930Z warn: No sport class found for period Period 1.
2024-08-27T15:50:17.931Z warn: No sport class found for period Period 2.
2024-08-27T15:50:17.931Z warn: No sport class found for period Period 3.
2024-08-27T15:50:17.931Z warn: No sport class found for period Period 4.
2024-08-27T15:50:17.931Z warn: No sport class found for period Period 5.
2024-08-27T15:50:17.931Z warn: No sport class found for period Period 6.
2024-08-27T15:50:22.228Z info: Fetching uniform for userID: 1
2024-08-27T15:50:22.234Z info: Server running on port 3000
2024-08-27T15:50:22.244Z info: Starting to fetch class info...
2024-08-27T15:50:23.067Z info: Classes found: 7
2024-08-27T15:50:23.067Z warn: No sport class found for period MY/12(CG)10/11Chapel.
2024-08-27T15:50:23.067Z info: Sport class found for period Period 1
2024-08-27T15:50:37.211Z info: Fetching uniform for userID: 1
2024-08-27T15:50:37.218Z info: Server running on port 3000
2024-08-27T15:50:37.230Z info: Starting to fetch class info...
2024-08-27T15:50:37.987Z info: Classes found: 7
2024-08-27T15:50:37.987Z warn: No sport class found for period MY/12(CG)10/11Chapel.
2024-08-27T15:50:37.987Z info: Sport class found for period Period 1
2024-08-27T15:52:06.441Z info: Fetching uniform for userID: 1
2024-08-27T15:52:06.446Z info: Uniform found for userID: 1
2024-08-27T15:52:06.447Z info: Server running on port 3000
2024-08-27T15:52:06.461Z info: Starting to fetch class info...
2024-08-27T15:52:07.215Z info: Classes found: 7
2024-08-27T15:52:07.215Z warn: No sport class found for period MY/12(CG)10/11Chapel.
2024-08-27T15:52:07.215Z info: Sport class found for period Period 1
2024-08-27T15:52:28.080Z info: Fetching uniform for userID: 1
2024-08-27T15:52:28.085Z warn: No uniform found for userID: 1.
2024-08-27T15:52:28.087Z info: Server running on port 3000
2024-08-27T15:52:28.100Z info: Starting to fetch class info...
2024-08-27T15:52:28.865Z info: Classes found: 7
2024-08-27T15:52:28.865Z warn: No sport class found for period MY/12(CG)10/11Chapel.
2024-08-27T15:52:28.865Z info: Sport class found for period Period 1
2024-08-27T15:54:37.795Z info: Server running on port 3000
2024-08-27T15:54:59.709Z info: Fetching uniform for userID: 1
2024-08-27T15:54:59.724Z info: Uniform found for userID: 1
2024-08-27T15:54:59.726Z error: Error fetching uniform: res.jsqon is not a function
2024-08-27T15:54:59.736Z info: Received POST request for /fetch-uniform/1
2024-08-27T15:54:59.792Z info: Starting to fetch class info...
2024-08-27T15:55:00.664Z info: Classes found: 7
2024-08-27T15:55:00.664Z warn: No sport class found for period MY/12(CG)10/11Chapel.
2024-08-27T15:55:00.664Z info: Sport class found for period Period 1
2024-08-27T15:55:11.663Z info: Server running on port 3000
2024-08-27T15:55:20.318Z info: Fetching uniform for userID: 1
2024-08-27T15:55:20.328Z info: Uniform found for userID: 1
2024-08-27T15:55:20.328Z error: Error fetching uniform: res.jsqon is not a function
2024-08-27T15:55:20.333Z info: Received POST request for /fetch-uniform/1
2024-08-27T15:55:20.348Z info: Starting to fetch class info...
2024-08-27T15:55:21.093Z info: Classes found: 7
2024-08-27T15:55:21.093Z warn: No sport class found for period MY/12(CG)10/11Chapel.
2024-08-27T15:55:21.093Z info: Sport class found for period Period 1
2024-08-27T15:55:23.392Z info: Received GET request for /
2024-08-27T15:55:23.397Z info: SQL server is running and the check query was successful.
2024-08-27T15:55:24.021Z info: Received GET request for /
2024-08-27T15:55:24.022Z info: SQL server is running and the check query was successful.
2024-08-27T15:55:27.190Z info: Received POST request for /send-notification/class_notifier_kian/hi
2024-08-27T15:55:28.003Z info: Notification sent successfully to class_notifier_kian
2024-08-27T15:55:28.003Z info: Notification sent successfully to topic: class_notifier_kian
2024-08-27T15:56:19.547Z info: Server running on port 3000
2024-08-27T15:56:22.710Z info: Fetching class for period: 1, userID: 1
2024-08-27T15:56:22.719Z info: Received POST request for /fetch-class-info/1/1
2024-08-27T15:56:22.765Z info: Starting to fetch class info...
2024-08-27T15:56:23.556Z info: Classes found: 7
2024-08-27T15:56:23.557Z info: Class found for period 1: {"period":"MY/12(CG)10/11Chapel","class":"11 Connect Group [11CG] 11 W2","location":"G8","teacher":"Kenn Williams"}
2024-08-27T15:56:24.425Z info: Notification sent successfully to class_notifier_Kian
2024-08-27T15:56:31.524Z info: Received POST request for /send-notification/class_notifier_kian/hi
2024-08-27T15:56:32.235Z info: Notification sent successfully to class_notifier_kian
2024-08-27T15:56:32.237Z info: Notification sent successfully to topic: class_notifier_kian
2024-08-27T15:56:35.904Z info: Fetching uniform for userID: 1
2024-08-27T15:56:35.905Z info: Uniform found for userID: 1
2024-08-27T15:56:35.905Z error: Error fetching uniform: res.jsqon is not a function
2024-08-27T15:56:35.906Z info: Received POST request for /fetch-uniform/1
2024-08-27T15:56:35.909Z info: Starting to fetch class info...
2024-08-27T15:56:36.676Z info: Classes found: 7
2024-08-27T15:56:36.676Z warn: No sport class found for period MY/12(CG)10/11Chapel.
2024-08-27T15:56:36.676Z info: Sport class found for period Period 1
2024-08-27T15:56:42.699Z info: Server running on port 3000
2024-08-27T15:56:44.467Z info: Fetching uniform for userID: 1
2024-08-27T15:56:44.472Z info: Uniform found for userID: 1
2024-08-27T15:56:44.472Z error: Error fetching uniform: res.jsqon is not a function
2024-08-27T15:56:44.475Z info: Received POST request for /fetch-uniform/1
2024-08-27T15:56:44.501Z info: Starting to fetch class info...
2024-08-27T15:56:45.258Z info: Classes found: 7
2024-08-27T15:56:45.258Z warn: No sport class found for period MY/12(CG)10/11Chapel.
2024-08-27T15:56:45.258Z info: Sport class found for period Period 1
2024-08-27T15:56:58.731Z info: Server running on port 3000
2024-08-27T15:57:00.464Z info: Fetching uniform for userID: 1
2024-08-27T15:57:11.303Z info: Server running on port 3000
2024-08-27T15:57:12.748Z info: Fetching uniform for userID: 1
2024-08-27T15:57:12.758Z info: Uniform found for userID: 1
2024-08-27T15:57:12.759Z error: Error fetching uniform: True is not defined
2024-08-27T15:57:12.775Z info: Received POST request for /fetch-uniform/1
2024-08-27T15:57:12.790Z info: Starting to fetch class info...
2024-08-27T15:57:13.547Z info: Classes found: 7
2024-08-27T15:57:13.548Z warn: No sport class found for period MY/12(CG)10/11Chapel.
2024-08-27T15:57:13.548Z info: Sport class found for period Period 1
2024-08-27T15:57:14.364Z info: Fetching uniform for userID: 1
2024-08-27T15:57:14.364Z info: Uniform found for userID: 1
2024-08-27T15:57:14.364Z error: Error fetching uniform: True is not defined
2024-08-27T15:57:14.365Z info: Received POST request for /fetch-uniform/1
2024-08-27T15:57:14.367Z info: Starting to fetch class info...
2024-08-27T15:57:15.125Z info: Classes found: 7
2024-08-27T15:57:15.126Z warn: No sport class found for period MY/12(CG)10/11Chapel.
2024-08-27T15:57:15.126Z info: Sport class found for period Period 1
2024-08-27T15:57:52.519Z info: Server running on port 3000
2024-08-27T15:57:54.218Z info: Fetching uniform for userID: 1
2024-08-27T15:57:54.228Z info: Uniform found for userID: 1
2024-08-27T15:57:54.231Z info: Received POST request for /fetch-uniform/1
2024-08-27T15:57:54.244Z info: Starting to fetch class info...
2024-08-27T15:57:55.050Z info: Classes found: 7
2024-08-27T15:57:55.050Z warn: No sport class found for period MY/12(CG)10/11Chapel.
2024-08-27T15:57:55.051Z info: Sport class found for period Period 1
2024-08-27T15:58:18.052Z info: Server running on port 3000
2024-08-27T15:58:19.620Z info: Fetching uniform for userID: 1
2024-08-27T15:58:19.631Z info: Uniform found for userID: 1
2024-08-27T15:58:19.634Z info: Received POST request for /fetch-uniform/1
2024-08-27T15:58:19.648Z info: Starting to fetch class info...
2024-08-27T15:58:20.871Z info: Classes found: 7
2024-08-27T15:58:20.871Z warn: No sport class found for period MY/12(CG)10/11Chapel.
2024-08-27T15:58:20.871Z info: Sport class found for period Period 1
2024-08-27T15:58:31.225Z info: Fetching uniform for userID: 1
2024-08-27T15:58:31.226Z info: Uniform found for userID: 1
2024-08-27T15:58:31.227Z info: Received POST request for /fetch-uniform/1
2024-08-27T15:58:31.230Z info: Starting to fetch class info...
2024-08-27T15:58:31.990Z info: Classes found: 7
2024-08-27T15:58:31.990Z warn: No sport class found for period MY/12(CG)10/11Chapel.
2024-08-27T15:58:31.990Z info: Sport class found for period Period 1
2024-08-27T15:59:51.878Z info: Server running on port 3000
2024-08-27T15:59:56.106Z info: Fetching uniform for userID: 1
2024-08-27T15:59:56.113Z info: Uniform found for userID: 1
2024-08-27T15:59:56.115Z info: Received POST request for /fetch-uniform/1
2024-08-27T15:59:56.126Z info: Starting to fetch class info...
2024-08-27T15:59:57.016Z info: Classes found: 7
2024-08-27T15:59:57.016Z warn: No sport class found for period MY/12(CG)10/11Chapel.
2024-08-27T15:59:57.016Z info: Sport class found for period Period 1
2024-08-27T16:00:27.005Z info: Server running on port 3000
2024-08-27T16:00:28.798Z info: Fetching uniform for userID: 1
2024-08-27T16:00:28.810Z info: Uniform found for userID: 1
2024-08-27T16:00:28.814Z info: Received POST request for /fetch-uniform/1
2024-08-27T16:00:28.834Z info: Starting to fetch class info...
2024-08-27T16:00:29.612Z info: Classes found: 7
2024-08-27T16:00:29.612Z warn: No sport class found for period MY/12(CG)10/11Chapel.
2024-08-27T16:00:29.612Z info: Sport class found for period Period 1
2024-08-27T16:01:01.030Z info: Server running on port 3000
2024-08-27T16:01:02.660Z info: Fetching uniform for userID: 1
2024-08-27T16:01:02.672Z info: Uniform found for userID: 1
2024-08-27T16:01:02.676Z info: Received POST request for /fetch-uniform/1
2024-08-27T16:01:02.687Z info: Starting to fetch class info...
2024-08-27T16:01:03.484Z info: Classes found: 7
2024-08-27T16:01:03.484Z info: Sport class found for period Period 1
2024-08-27T16:01:03.484Z info: Sport class found for period Period 2
2024-08-27T16:04:29.799Z info: Server running on port 3000
2024-08-27T16:04:31.214Z info: Fetching uniform for userID: 1
2024-08-27T16:04:31.224Z info: Received POST request for /fetch-uniform/1
2024-08-27T16:04:31.287Z info: Starting to fetch class info...
2024-08-27T16:04:32.105Z info: Classes found: 7
2024-08-27T16:04:32.105Z info: Sport class found for period Period 1
2024-08-27T16:04:32.105Z info: Sport class found for period Period 2
2024-08-27T16:04:32.105Z info: Uniform found for userID: 1
2024-08-27T16:05:22.523Z info: Server running on port 3000
2024-08-27T16:05:23.876Z info: Fetching uniform for userID: 1
2024-08-27T16:05:23.882Z info: Received POST request for /fetch-uniform/1
2024-08-27T16:05:23.921Z info: Starting to fetch class info...
2024-08-27T16:05:24.796Z info: Classes found: 7
2024-08-27T16:05:24.796Z warn: No sport class found for userID: 1.
2024-08-27T16:05:24.796Z warn: No uniform found for userID: 1.
2024-08-27T23:02:39.639Z info: Fetching class for period: 1, userID: 1
2024-08-27T23:02:39.644Z info: Received POST request for /fetch-class-info/1/1
2024-08-27T23:02:39.683Z info: Starting to fetch class info...
2024-08-27T23:02:40.383Z info: Classes found: 7
2024-08-27T23:02:40.383Z info: Class found for period 1: {"period":"MY/12(CG)10/11Chapel","class":"11 Connect Group [11CG] 11 W2","location":"G8","teacher":"Kenn Williams"}
2024-08-27T23:02:41.677Z info: Notification sent successfully to class_notifier_Kian
2024-08-27T23:02:51.287Z info: Fetching class for period: 2, userID: 1
2024-08-27T23:02:51.288Z info: Received POST request for /fetch-class-info/2/1
2024-08-27T23:02:51.291Z info: Starting to fetch class info...
2024-08-27T23:02:52.153Z info: Classes found: 7
2024-08-27T23:02:52.153Z info: Class found for period 2: {"period":"MY/12(CG)10/11Chapel","class":"11 Connect Group [11CG] 11 W2","location":"G8","teacher":"Kenn Williams"}
2024-08-27T23:02:53.933Z info: Notification sent successfully to class_notifier_Kian
2024-08-27T23:03:13.328Z info: Fetching uniform for userID: 1
2024-08-27T23:03:13.329Z info: Received POST request for /fetch-uniform/1
2024-08-27T23:03:13.335Z info: Starting to fetch class info...
2024-08-27T23:03:14.005Z info: Classes found: 7
2024-08-27T23:03:14.005Z warn: No sport class found for userID: 1.
2024-08-27T23:03:14.005Z warn: No uniform found for userID: 1.
2024-08-27T23:03:25.716Z info: Fetching class for period: 2, userID: 1
2024-08-27T23:03:25.718Z info: Received POST request for /fetch-class-info/2/1
2024-08-27T23:03:25.722Z info: Starting to fetch class info...
2024-08-27T23:03:26.369Z info: Classes found: 7
2024-08-27T23:03:26.369Z info: Class found for period 2: {"period":"MY/12(CG)10/11Chapel","class":"11 Connect Group [11CG] 11 W2","location":"G8","teacher":"Kenn Williams"}
2024-08-27T23:03:27.152Z info: Notification sent successfully to class_notifier_Kian
2024-08-27T23:03:45.776Z info: Server running on port 3000
2024-08-27T23:03:56.646Z info: Fetching class for period: 4, userID: 1
2024-08-27T23:03:56.654Z info: Received POST request for /fetch-class-info/4/1
2024-08-27T23:03:56.705Z info: Starting to fetch class info...
2024-08-27T23:03:57.395Z info: Classes found: 7
2024-08-27T23:03:57.395Z info: Class found for period 4: {"period":"Period 4","class":"11 Essential English","location":"LB","teacher":"Rachel Kimlin"}
2024-08-27T23:03:58.182Z info: Notification sent successfully to class_notifier_Kian
2024-08-27T23:04:05.336Z info: Fetching class for period: 2, userID: 1
2024-08-27T23:04:05.337Z info: Received POST request for /fetch-class-info/2/1
2024-08-27T23:04:05.345Z info: Starting to fetch class info...
2024-08-27T23:04:06.026Z info: Classes found: 7
2024-08-27T23:04:06.026Z info: Class found for period 2: {"period":"MY/12(CG)10/11Chapel","class":"11 Connect Group [11CG] 11 W2","location":"G8","teacher":"Kenn Williams"}
2024-08-27T23:04:06.875Z info: Notification sent successfully to class_notifier_Kian
2024-08-27T23:04:12.311Z info: Fetching class for period: 3, userID: 1
2024-08-27T23:04:12.311Z info: Received POST request for /fetch-class-info/3/1
2024-08-27T23:04:12.313Z info: Starting to fetch class info...
2024-08-27T23:04:13.121Z info: Classes found: 7
2024-08-27T23:04:13.121Z info: Class found for period 3: {"period":"Period 3","class":"11 Essential English","location":"LB","teacher":"Rachel Kimlin"}
2024-08-27T23:04:13.882Z info: Notification sent successfully to class_notifier_Kian
2024-08-27T23:04:31.935Z info: Fetching class for period: 1, userID: 1
2024-08-27T23:04:31.936Z info: Received POST request for /fetch-class-info/1/1
2024-08-27T23:04:31.947Z info: Starting to fetch class info...
2024-08-27T23:04:32.589Z info: Classes found: 7
2024-08-27T23:04:32.589Z info: Class found for period 1: {"period":"MY/12(CG)10/11Chapel","class":"11 Connect Group [11CG] 11 W2","location":"G8","teacher":"Kenn Williams"}
2024-08-27T23:04:33.374Z info: Notification sent successfully to class_notifier_Kian
2024-08-27T23:06:09.569Z info: Server running on port 3000
2024-08-27T23:06:12.537Z info: Fetching class for period: 1, userID: 1
2024-08-27T23:06:12.546Z info: Received POST request for /fetch-class-info/1/1
2024-08-27T23:06:12.580Z error: Error fetching class: fetchClassInfo is not defined
2024-08-27T23:06:12.581Z error: Error fetching class info: fetchClassInfo is not defined
2024-08-27T23:06:31.698Z info: Server running on port 3000
2024-08-27T23:06:33.457Z info: Fetching class for period: 1, userID: 1
2024-08-27T23:06:33.480Z info: Received POST request for /fetch-class-info/1/1
2024-08-27T23:06:33.497Z error: Error fetching class: fetchClassInfo is not defined
2024-08-27T23:06:33.497Z error: Error fetching class info: fetchClassInfo is not defined
2024-08-27T23:07:48.093Z info: Server running on port 3000
2024-08-27T23:07:50.111Z info: Fetching class for period: 1, userID: 1
2024-08-27T23:07:50.133Z info: Received POST request for /fetch-class-info/1/1
2024-08-27T23:07:50.181Z info: Starting to fetch class info...
2024-08-27T23:07:50.934Z info: Classes found: 7
2024-08-27T23:07:50.934Z info: Class found for period 1: {"period":"MY/12(CG)10/11Chapel","class":"11 Connect Group [11CG] 11 W2","location":"G8","teacher":"Kenn Williams"}
2024-08-27T23:07:51.765Z info: Notification sent successfully to class_notifier_Kian
2024-08-27T23:11:06.410Z info: Server running on port 3000
2024-08-27T23:11:09.018Z info: Fetching class for period: 1, userID: 1
2024-08-27T23:11:09.029Z info: Received POST request for /fetch-class-info/1/1
2024-08-27T23:11:09.084Z info: Starting to fetch class info...
2024-08-27T23:11:09.780Z info: Classes found: 99
2024-08-27T23:11:09.781Z info: Class found for period 1: {"period":"MY/12(CG)10/11Chapel [8:31 am - 8:55 am]","class":"11 Connect Group [11CG] 11 W2","location":"G8","teacher":"Kenn Williams"}
2024-08-27T23:11:10.657Z info: Notification sent successfully to class_notifier_Kian
2024-08-27T23:11:18.356Z info: Fetching class for period: 2, userID: 1
2024-08-27T23:11:18.357Z info: Received POST request for /fetch-class-info/2/1
2024-08-27T23:11:18.361Z info: Starting to fetch class info...
2024-08-27T23:11:18.978Z info: Classes found: 99
2024-08-27T23:11:18.979Z info: Class found for period 2: {"period":"MY/12(CG)10/11Chapel [8:31 am - 8:55 am]","class":"11 Connect Group [11CG] 11 W2","location":"G8","teacher":"Kenn Williams"}
2024-08-27T23:11:19.758Z info: Notification sent successfully to class_notifier_Kian
2024-08-27T23:11:24.529Z info: Fetching class for period: 3, userID: 1
2024-08-27T23:11:24.530Z info: Received POST request for /fetch-class-info/3/1
2024-08-27T23:11:24.533Z info: Starting to fetch class info...
2024-08-27T23:11:25.125Z info: Classes found: 99
2024-08-27T23:11:25.125Z info: Class found for period 3: {"period":"Before School [8:00 am - 8:30 am]","class":"","location":"","teacher":""}
2024-08-27T23:11:26.016Z info: Notification sent successfully to class_notifier_Kian
2024-08-27T23:11:54.816Z info: Server running on port 3000
2024-08-27T23:11:56.573Z info: Fetching uniform for userID: 1
2024-08-27T23:11:56.586Z info: Received POST request for /fetch-uniform/1
2024-08-27T23:11:56.634Z info: Starting to fetch class info...
2024-08-27T23:11:57.271Z info: Classes found: 7
2024-08-27T23:11:57.272Z warn: No sport class found for userID: 1.
2024-08-27T23:11:57.272Z warn: No uniform found for userID: 1.
2024-08-27T23:12:02.686Z info: Fetching class for period: 3, userID: 1
2024-08-27T23:12:02.686Z info: Received POST request for /fetch-class-info/3/1
2024-08-27T23:12:02.689Z info: Starting to fetch class info...
2024-08-27T23:12:03.284Z info: Classes found: 7
2024-08-27T23:12:03.284Z info: Class found for period 3: {"period":"Period 3","class":"11 Essential English","location":"LB","teacher":"Rachel Kimlin"}
2024-08-27T23:12:04.096Z info: Notification sent successfully to class_notifier_Kian
2024-08-27T23:13:52.149Z info: Server running on port 3000
2024-08-27T23:13:53.971Z info: Fetching class for period: 3, userID: 1
2024-08-27T23:13:53.986Z info: Received POST request for /fetch-class-info/3/1
2024-08-27T23:13:54.036Z info: Starting to fetch class info...
2024-08-27T23:13:54.698Z info: Classes found: 7
2024-08-27T23:13:54.698Z info: Class found for period 3: {"period":"Period 3","class":"11 Essential English","location":"LB","teacher":"Rachel Kimlin"}
2024-08-27T23:13:55.448Z info: Notification sent successfully to class_notifier_Kian
2024-08-27T23:13:58.808Z info: Fetching class for period: 1, userID: 1
2024-08-27T23:13:58.808Z info: Received POST request for /fetch-class-info/1/1
2024-08-27T23:13:58.811Z info: Starting to fetch class info...
2024-08-27T23:13:59.384Z info: Classes found: 7
2024-08-27T23:13:59.384Z info: Class found for period 1: {"period":"Period 1","class":"11 Economics","location":"J1","teacher":"Amanda Tanks By: TMY"}
2024-08-27T23:13:59.631Z info: Notification sent successfully to class_notifier_Kian
2024-08-27T23:14:11.943Z info: Fetching class for period: 1, userID: 1
2024-08-27T23:14:11.944Z info: Received POST request for /fetch-class-info/1/1
2024-08-27T23:14:11.951Z info: Starting to fetch class info...
2024-08-27T23:14:12.695Z info: Classes found: 7
2024-08-27T23:14:12.695Z info: Class found for period 1: {"period":"Period 1","class":"11 Economics","location":"J1","teacher":"Amanda Tanks By: TMY"}
2024-08-27T23:14:13.553Z info: Notification sent successfully to class_notifier_Kian
2024-08-27T23:15:06.727Z info: Server running on port 3000
2024-08-27T23:15:08.224Z info: Fetching class for period: 1, userID: 1
2024-08-27T23:15:08.230Z info: Received POST request for /fetch-class-info/1/1
2024-08-27T23:15:08.245Z info: Starting to fetch class info...
2024-08-27T23:15:08.918Z info: Classes found: 7
2024-08-27T23:15:08.919Z info: Class found for period 1: {"period":"Period 1","class":"11 Economics","location":"J1","teacher":"Amanda Tanks By: TMY"}
2024-08-27T23:15:09.874Z info: Notification sent successfully to class_notifier_Kian
2024-08-27T23:20:43.948Z info: Server running on port 3000
2024-08-27T23:21:45.015Z info: Server running on port 3000
2024-08-27T23:21:49.675Z info: Fetching class for period: 1, userID: 1
2024-08-27T23:21:49.684Z info: Received POST request for /fetch-class-info/1/1
2024-08-27T23:21:49.711Z info: Starting to fetch class info...
2024-08-27T23:21:50.349Z info: Classes found: 7
2024-08-27T23:21:50.349Z info: Class found for period 1: {"period":"Period 1","class":"11 Economics","location":"J1","teacher":"Amanda Tanks By: TMY"}
2024-08-27T23:21:51.175Z info: Notification sent successfully to class_notifier_Kian
2024-08-27T23:22:00.777Z info: Server running on port 3000
2024-08-27T23:22:05.212Z info: Server running on port 3000
2024-08-27T23:23:43.199Z info: Server running on port 3000
2024-08-27T23:23:58.540Z info: Sending notifications to all users for period: 1
2024-08-27T23:23:58.547Z info: Server running on port 3000
2024-08-27T23:23:58.559Z info: Fetching class for period: 1, userID: 1
2024-08-27T23:23:58.560Z info: Fetching class for period: 1, userID: 2
2024-08-27T23:23:58.562Z info: Starting to fetch class info...
2024-08-27T23:23:58.582Z info: Starting to fetch class info...
2024-08-27T23:23:59.196Z info: Classes found: 7
2024-08-27T23:23:59.197Z info: Class found for period 1: {"period":"Period 1","class":"11 Economics","location":"J1","teacher":"Amanda Tanks By: TMY"}
2024-08-27T23:23:59.210Z info: Classes found: 7
2024-08-27T23:23:59.210Z info: Class found for period 1: {"period":"Period 1","class":"11 Economics","location":"J1","teacher":"Amanda Tanks By: TMY"}
2024-08-27T23:23:59.211Z info: Sending class notification: Your next class is period 1, 11 Economics with Amanda Tanks By: TMY at J1 to topic: class_notifier_admin
2024-08-27T23:23:59.212Z info: Sending class notification: Your next class is period 1, 11 Economics with Amanda Tanks By: TMY at J1 to topic: class_notifier_Kian
2024-08-27T23:23:59.953Z info: Notification sent successfully to class_notifier_admin
2024-08-27T23:23:59.972Z info: Notification sent successfully to class_notifier_Kian
2024-08-27T23:24:15.071Z info: Server running on port 3000
2024-08-27T23:24:26.824Z info: Server running on port 3000
2024-08-27T23:24:33.680Z info: Sending notifications to all users for period: 1
2024-08-27T23:24:33.686Z info: Server running on port 3000
2024-08-27T23:24:33.698Z info: Fetching class for period: 1, userID: 1
2024-08-27T23:24:33.698Z info: Fetching class for period: 1, userID: 2
2024-08-27T23:24:33.699Z info: Starting to fetch class info...
2024-08-27T23:24:33.711Z info: Starting to fetch class info...
2024-08-27T23:24:34.324Z info: Classes found: 7
2024-08-27T23:24:34.324Z info: Class found for period 1: {"period":"Period 1","class":"11 Economics","location":"J1","teacher":"Amanda Tanks By: TMY"}
2024-08-27T23:24:34.339Z info: Classes found: 7
2024-08-27T23:24:34.339Z info: Class found for period 1: {"period":"Period 1","class":"11 Economics","location":"J1","teacher":"Amanda Tanks By: TMY"}
2024-08-27T23:24:34.340Z info: Sending class notification: Your next class is period 1, 11 Economics with Amanda Tanks By: TMY at J1 to topic: class_notifier_admin
2024-08-27T23:24:34.341Z info: Sending class notification: Your next class is period 1, 11 Economics with Amanda Tanks By: TMY at J1 to topic: class_notifier_Kian
2024-08-27T23:24:35.097Z info: Notification sent successfully to class_notifier_admin
2024-08-27T23:24:35.102Z info: Notification sent successfully to class_notifier_Kian
2024-08-27T23:24:53.444Z info: Sending notifications to all users for period: 3
2024-08-27T23:24:53.450Z info: Server running on port 3000
2024-08-27T23:24:53.461Z info: Fetching class for period: 3, userID: 1
2024-08-27T23:24:53.461Z info: Fetching class for period: 3, userID: 2
2024-08-27T23:24:53.463Z info: Starting to fetch class info...
2024-08-27T23:24:53.474Z info: Starting to fetch class info...
2024-08-27T23:24:54.073Z info: Classes found: 7
2024-08-27T23:24:54.073Z info: Class found for period 3: {"period":"Period 3","class":"11 Essential English","location":"LB","teacher":"Rachel Kimlin"}
2024-08-27T23:24:54.087Z info: Classes found: 7
2024-08-27T23:24:54.087Z info: Class found for period 3: {"period":"Period 3","class":"11 Essential English","location":"LB","teacher":"Rachel Kimlin"}
2024-08-27T23:24:54.088Z info: Sending class notification: Your next class is period 3, 11 Essential English with Rachel Kimlin at LB to topic: class_notifier_admin
2024-08-27T23:24:54.089Z info: Sending class notification: Your next class is period 3, 11 Essential English with Rachel Kimlin at LB to topic: class_notifier_Kian
2024-08-27T23:24:54.822Z info: Notification sent successfully to class_notifier_admin
2024-08-27T23:24:54.826Z info: Notification sent successfully to class_notifier_Kian
2024-08-27T23:25:25.559Z info: Server running on port 3000
2024-08-27T23:29:27.623Z info: Server running on port 3000
2024-08-27T23:29:35.224Z info: Server running on port 3000
2024-08-27T23:30:54.266Z info: Server running on port 3000
2024-08-27T23:31:00.276Z info: Running periodic tasks...
2024-08-27T23:31:00.277Z info: Sending notifications to all users for period: 1
2024-08-27T23:31:00.333Z info: Fetching class for period: 1, userID: 1
2024-08-27T23:31:00.333Z info: Fetching class for period: 1, userID: 2
2024-08-27T23:31:00.337Z info: Starting to fetch class info...
2024-08-27T23:31:00.357Z info: Starting to fetch class info...
2024-08-27T23:31:01.116Z info: Classes found: 7
2024-08-27T23:31:01.116Z info: Class found for period 1: {"period":"Period 1","class":"11 Economics","location":"J1","teacher":"Amanda Tanks By: TMY"}
2024-08-27T23:31:01.131Z info: Classes found: 7
2024-08-27T23:31:01.131Z info: Class found for period 1: {"period":"Period 1","class":"11 Economics","location":"J1","teacher":"Amanda Tanks By: TMY"}
2024-08-27T23:31:01.132Z info: Sending class notification: Your next class is period 1, 11 Economics with Amanda Tanks By: TMY at J1 to topic: class_notifier_Kian
2024-08-27T23:31:01.133Z info: Sending class notification: Your next class is period 1, 11 Economics with Amanda Tanks By: TMY at J1 to topic: class_notifier_admin
2024-08-27T23:31:01.947Z info: Notification sent successfully to class_notifier_Kian
2024-08-27T23:31:01.948Z info: Notification sent successfully to class_notifier_admin
2024-08-27T23:31:25.693Z info: Server running on port 3000
2024-08-27T23:32:00.738Z info: Running periodic tasks...
2024-08-27T23:32:00.740Z info: Sending notifications to all users for period: 1
2024-08-27T23:32:00.776Z info: Fetching class for period: 1, userID: 1
2024-08-27T23:32:00.777Z info: Fetching class for period: 1, userID: 2
2024-08-27T23:32:00.780Z info: Starting to fetch class info...
2024-08-27T23:32:00.797Z info: Starting to fetch class info...
2024-08-27T23:32:01.534Z info: Classes found: 7
2024-08-27T23:32:01.534Z info: Class found for period 1: {"period":"Period 1","class":"11 Economics","location":"J1","teacher":"Amanda Tanks By: TMY"}
2024-08-27T23:32:01.552Z info: Classes found: 7
2024-08-27T23:32:01.552Z info: Class found for period 1: {"period":"Period 1","class":"11 Economics","location":"J1","teacher":"Amanda Tanks By: TMY"}
2024-08-27T23:32:01.553Z info: Sending class notification: Your next class is period 1, 11 Economics with Amanda Tanks By: TMY at J1 to topic: class_notifier_Kian
2024-08-27T23:32:01.554Z info: Sending class notification: Your next class is period 1, 11 Economics with Amanda Tanks By: TMY at J1 to topic: class_notifier_admin
2024-08-27T23:32:02.396Z info: Notification sent successfully to class_notifier_Kian
2024-08-27T23:32:02.399Z info: Notification sent successfully to class_notifier_admin
2024-08-27T23:33:00.817Z info: Running periodic tasks...
2024-08-27T23:33:00.818Z info: Sending notifications to all users for period: 1
2024-08-27T23:33:00.824Z info: Fetching class for period: 1, userID: 1
2024-08-27T23:33:00.824Z info: Fetching class for period: 1, userID: 2
2024-08-27T23:33:00.825Z info: Starting to fetch class info...
2024-08-27T23:33:00.829Z info: Starting to fetch class info...
2024-08-27T23:33:01.456Z info: Classes found: 7
2024-08-27T23:33:01.456Z info: Class found for period 1: {"period":"Period 1","class":"11 Economics","location":"J1","teacher":"Amanda Tanks By: TMY"}
2024-08-27T23:33:01.475Z info: Classes found: 7
2024-08-27T23:33:01.475Z info: Class found for period 1: {"period":"Period 1","class":"11 Economics","location":"J1","teacher":"Amanda Tanks By: TMY"}
2024-08-27T23:33:01.476Z info: Sending class notification: Your next class is period 1, 11 Economics with Amanda Tanks By: TMY at J1 to topic: class_notifier_admin
2024-08-27T23:33:01.478Z info: Sending class notification: Your next class is period 1, 11 Economics with Amanda Tanks By: TMY at J1 to topic: class_notifier_Kian
2024-08-27T23:33:02.326Z info: Notification sent successfully to class_notifier_Kian
2024-08-27T23:33:02.331Z info: Notification sent successfully to class_notifier_admin
2024-08-27T23:48:26.516Z info: Server running on port 3000
2024-08-27T23:48:31.043Z info: Fetching class for period: 1, userID: 1
2024-08-27T23:48:31.054Z info: Received POST request for /fetch-class-info/1/1
2024-08-27T23:48:31.099Z info: Starting to fetch class info...
2024-08-27T23:48:31.781Z info: Classes found: 7
2024-08-27T23:48:31.781Z info: Class found for period 1: {"period":"Period 1","class":"11 Economics","location":"J1","teacher":"Amanda Tanks By: TMY"}
2024-08-27T23:48:32.647Z info: Notification sent successfully to class_notifier_Kian
2024-08-27T23:50:22.180Z info: Server running on port 3000
2024-08-27T23:50:53.097Z info: Server running on port 3000
2024-08-27T23:51:00.108Z info: Running periodic tasks...
2024-08-27T23:51:00.108Z info: Sending notifications to all users for period: 2
2024-08-27T23:51:00.182Z info: Fetching class for period: 2, userID: 1
2024-08-27T23:51:00.182Z info: Fetching class for period: 2, userID: 2
2024-08-27T23:51:00.187Z info: Starting to fetch class info...
2024-08-27T23:51:00.209Z info: Starting to fetch class info...
2024-08-27T23:51:00.853Z info: Classes found: 7
2024-08-27T23:51:00.853Z info: Class found for period 2: {"period":"Period 2","class":"11 Economics","location":"J1","teacher":"Amanda Tanks By: IKE"}
2024-08-27T23:51:00.869Z info: Classes found: 7
2024-08-27T23:51:00.869Z info: Class found for period 2: {"period":"Period 2","class":"11 Economics","location":"J1","teacher":"Amanda Tanks By: IKE"}
2024-08-27T23:51:00.870Z info: Sending class notification: Your next class is period 2, 11 Economics with Amanda Tanks By: IKE at J1 to topic: class_notifier_admin
2024-08-27T23:51:00.871Z info: Sending class notification: Your next class is period 2, 11 Economics with Amanda Tanks By: IKE at J1 to topic: class_notifier_Kian
2024-08-27T23:51:01.698Z info: Notification sent successfully to class_notifier_Kian
2024-08-27T23:51:01.699Z info: Notification sent successfully to class_notifier_admin
2024-08-27T23:56:37.690Z info: Server running on port 3000
2024-08-27T23:59:05.257Z info: Server running on port 3000
2024-08-27T23:59:19.030Z info: Server running on port 3000
2024-08-27T23:59:29.588Z info: Received GET request for /
2024-08-27T23:59:29.590Z info: Received GET request for /logs
2024-08-27T23:59:29.627Z info: SQL server is running and the check query was successful.
2024-08-27T23:59:34.580Z info: Received GET request for /logs
2024-08-27T23:59:40.250Z info: Received GET request for /logs
2024-08-27T23:59:45.239Z info: Received GET request for /logs
2024-08-27T23:59:50.239Z info: Received GET request for /logs
2024-08-27T23:59:55.238Z info: Received GET request for /logs
2024-08-28T00:00:00.238Z info: Received GET request for /logs
2024-08-28T00:00:05.244Z info: Received GET request for /logs
2024-08-28T00:00:10.241Z info: Received GET request for /logs
2024-08-28T00:00:15.237Z info: Received GET request for /logs
2024-08-28T00:00:20.236Z info: Received GET request for /logs
2024-08-28T00:00:25.238Z info: Received GET request for /logs
2024-08-28T00:00:30.237Z info: Received GET request for /logs
2024-08-28T00:00:35.238Z info: Received GET request for /logs
2024-08-28T00:00:40.236Z info: Received GET request for /logs
2024-08-28T00:00:44.667Z info: Server running on port 3000
2024-08-28T00:00:44.773Z info: Received GET request for /logs
2024-08-28T00:00:48.471Z info: Received GET request for /logs
2024-08-28T00:00:48.483Z info: Received GET request for /
2024-08-28T00:00:48.513Z info: SQL server is running and the check query was successful.
2024-08-28T00:00:53.465Z info: Received GET request for /logs
2024-08-28T00:00:59.242Z info: Received GET request for /logs
2024-08-28T00:01:04.240Z info: Received GET request for /logs
2024-08-28T00:01:09.238Z info: Received GET request for /logs
2024-08-28T00:01:14.238Z info: Received GET request for /logs
2024-08-28T00:01:19.239Z info: Received GET request for /logs
2024-08-28T00:01:23.710Z info: Received GET request for /logs
2024-08-28T00:01:26.656Z info: Received GET request for /logs
2024-08-28T00:01:26.657Z info: Received GET request for /
2024-08-28T00:01:26.660Z info: SQL server is running and the check query was successful.
2024-08-28T00:01:31.649Z info: Received GET request for /logs
2024-08-28T00:01:36.661Z info: Received GET request for /logs
2024-08-28T00:01:42.237Z info: Received GET request for /logs
2024-08-28T00:01:47.235Z info: Received GET request for /logs
2024-08-28T00:01:52.237Z info: Received GET request for /logs
2024-08-28T00:01:57.236Z info: Received GET request for /logs
2024-08-28T00:02:02.238Z info: Received GET request for /logs
2024-08-28T00:02:07.239Z info: Received GET request for /logs
2024-08-28T00:02:12.238Z info: Received GET request for /logs
2024-08-28T00:02:14.447Z info: Server running on port 3000
2024-08-28T00:02:16.660Z info: Received GET request for /logs
2024-08-28T00:02:22.238Z info: Received GET request for /logs
2024-08-28T00:02:27.238Z info: Received GET request for /logs
2024-08-28T00:02:32.240Z info: Received GET request for /logs
2024-08-28T00:02:37.236Z info: Received GET request for /logs
2024-08-28T00:02:42.237Z info: Received GET request for /logs
2024-08-28T00:02:47.239Z info: Received GET request for /logs
2024-08-28T00:02:52.237Z info: Received GET request for /logs
2024-08-28T00:03:01.323Z info: Server running on port 3000
2024-08-28T00:03:01.913Z info: Received GET request for /logs
2024-08-28T00:03:05.597Z info: Received GET request for /logs
2024-08-28T00:03:05.607Z info: Received GET request for /
2024-08-28T00:03:05.626Z info: SQL server is running and the check query was successful.
2024-08-28T00:03:11.242Z info: Received GET request for /logs
2024-08-28T00:03:16.236Z info: Received GET request for /logs
2024-08-28T00:03:21.236Z info: Received GET request for /logs
2024-08-28T00:03:26.238Z info: Received GET request for /logs
2024-08-28T00:03:31.237Z info: Received GET request for /logs
2024-08-28T00:03:36.244Z info: Received GET request for /logs
2024-08-28T00:03:41.240Z info: Received GET request for /logs
2024-08-28T00:03:50.750Z info: Server running on port 3000
2024-08-28T00:03:51.246Z info: Received GET request for /logs
2024-08-28T00:03:55.606Z info: Received GET request for /logs
2024-08-28T00:04:00.601Z info: Received GET request for /logs
2024-08-28T00:04:05.599Z info: Received GET request for /logs
2024-08-28T00:04:11.236Z info: Received GET request for /logs
2024-08-28T00:04:16.239Z info: Received GET request for /logs
2024-08-28T00:04:21.239Z info: Received GET request for /logs
2024-08-28T00:04:26.261Z info: Received GET request for /logs
2024-08-28T00:04:28.739Z info: Server running on port 3000
2024-08-28T00:04:30.611Z info: Received GET request for /logs
2024-08-28T00:04:35.603Z info: Received GET request for /logs
2024-08-28T00:04:40.601Z info: Received GET request for /logs
2024-08-28T00:04:45.601Z info: Received GET request for /logs
2024-08-28T00:04:50.602Z info: Received GET request for /logs
2024-08-28T00:04:55.602Z info: Received GET request for /logs
2024-08-28T00:05:00.601Z info: Received GET request for /logs
2024-08-28T00:05:05.602Z info: Received GET request for /logs
2024-08-28T00:05:09.972Z info: Fetching class for period: 1, userID: 1
2024-08-28T00:05:09.983Z info: Received POST request for /fetch-class-info/1/1
2024-08-28T00:05:10.031Z info: Starting to fetch class info...
2024-08-28T00:05:10.640Z info: Received GET request for /logs
2024-08-28T00:05:10.844Z info: Classes found: 7
2024-08-28T00:05:10.844Z info: Class found for period 1: {"period":"Period 1","class":"11 Economics","location":"J1","teacher":"Amanda Tanks By: TMY"}
2024-08-28T00:05:11.678Z info: Notification sent successfully to class_notifier_Kian
2024-08-28T00:05:15.602Z info: Received GET request for /logs
2024-08-28T00:05:20.601Z info: Received GET request for /logs
2024-08-28T00:05:26.052Z info: Received GET request for /logs
2024-08-28T00:05:31.236Z info: Received GET request for /logs
2024-08-28T00:05:36.239Z info: Received GET request for /logs
2024-08-28T00:05:41.238Z info: Received GET request for /logs
2024-08-28T00:05:46.237Z info: Received GET request for /logs
2024-08-28T00:05:51.237Z info: Received GET request for /logs
2024-08-28T00:05:56.238Z info: Received GET request for /logs
2024-08-28T00:06:01.237Z info: Received GET request for /logs
2024-08-28T00:06:06.239Z info: Received GET request for /logs
2024-08-28T00:06:11.237Z info: Received GET request for /logs
2024-08-28T00:06:16.238Z info: Received GET request for /logs
2024-08-28T00:06:21.242Z info: Received GET request for /logs
2024-08-28T00:06:26.242Z info: Received GET request for /logs
2024-08-28T00:07:05.241Z info: Received GET request for /logs
2024-08-28T00:08:05.242Z info: Received GET request for /logs
2024-08-28T00:08:12.338Z info: Server running on port 3000
2024-08-28T00:08:15.283Z info: GET /logs
2024-08-28T00:08:15.604Z info: GET /logs
2024-08-28T00:08:20.602Z info: GET /logs
2024-08-28T00:08:26.239Z info: GET /logs
2024-08-28T00:08:31.238Z info: GET /logs
2024-08-28T00:08:36.242Z info: GET /logs
2024-08-28T00:08:41.239Z info: GET /logs
2024-08-28T00:08:46.238Z info: GET /logs
2024-08-28T00:08:51.238Z info: GET /logs
2024-08-28T00:08:56.241Z info: GET /logs
2024-08-28T00:09:01.238Z info: GET /logs
2024-08-28T00:09:06.241Z info: GET /logs
2024-08-28T00:09:11.378Z info: Server running on port 3000
2024-08-28T00:09:15.609Z info: GET /logs
2024-08-28T00:09:31.034Z info: Server running on port 3000
2024-08-28T00:09:31.248Z info: GET /logs
2024-08-28T00:09:35.609Z info: GET /logs
2024-08-28T00:09:41.862Z info: Server running on port 3000
2024-08-28T00:09:45.612Z info: GET /logs
2024-08-28T00:09:51.689Z info: Server running on port 3000
2024-08-28T00:09:55.610Z info: GET /logs
2024-08-28T00:10:00.605Z info: GET /logs
2024-08-28T00:10:06.244Z info: GET /logs
2024-08-28T00:10:11.238Z info: GET /logs
2024-08-28T00:10:16.240Z info: GET /logs
2024-08-28T00:10:21.238Z info: GET /logs
2024-08-28T00:10:26.241Z info: GET /logs
2024-08-28T00:10:31.238Z info: GET /logs
2024-08-28T00:10:36.241Z info: GET /logs
2024-08-28T00:10:41.241Z info: GET /logs
2024-08-28T00:10:46.242Z info: GET /logs
2024-08-28T00:10:51.239Z info: GET /logs
2024-08-28T00:10:56.240Z info: GET /logs
2024-08-28T00:11:01.245Z info: GET /logs
2024-08-28T00:11:03.985Z info: Server running on port 3000
2024-08-28T00:11:05.608Z info: GET /logs
2024-08-28T00:11:10.603Z info: GET /logs
2024-08-28T00:11:15.605Z info: GET /logs
2024-08-28T00:11:21.242Z info: GET /logs
2024-08-28T00:11:26.241Z info: GET /logs
2024-08-28T00:11:31.238Z info: GET /logs
2024-08-28T00:11:36.244Z info: GET /logs
2024-08-28T00:11:41.240Z info: GET /logs
2024-08-28T00:11:46.241Z info: GET /logs
2024-08-28T00:11:51.241Z info: GET /logs
2024-08-28T00:11:56.243Z info: GET /logs
2024-08-28T00:12:01.237Z info: GET /logs
2024-08-28T00:12:06.252Z info: GET /logs
2024-08-28T00:12:11.284Z info: GET /logs
2024-08-28T00:12:11.297Z info: GET /
2024-08-28T00:12:11.329Z info: SQL check successful.
2024-08-28T00:12:16.260Z info: GET /logs
2024-08-28T00:12:21.262Z info: GET /logs
2024-08-28T00:12:24.920Z info: GET /logs
2024-08-28T00:12:24.921Z info: GET /
2024-08-28T00:12:24.926Z info: SQL check successful.
2024-08-28T00:12:30.241Z info: GET /logs
2024-08-28T00:12:35.241Z info: GET /logs
2024-08-28T00:12:40.239Z info: GET /logs
2024-08-28T00:12:45.240Z info: GET /logs
2024-08-28T00:12:50.239Z info: GET /logs
2024-08-28T00:12:55.242Z info: GET /logs
2024-08-28T00:12:58.651Z info: Server running on port 3000
2024-08-28T00:12:59.934Z info: GET /logs
2024-08-28T00:13:04.925Z info: GET /logs
2024-08-28T00:13:09.928Z info: GET /logs
2024-08-28T00:13:15.244Z info: GET /logs
2024-08-28T00:13:20.248Z info: GET /logs
2024-08-28T00:13:25.242Z info: GET /logs
2024-08-28T00:13:29.928Z info: GET /logs
2024-08-28T00:13:35.192Z info: GET /logs
2024-08-28T00:13:40.242Z info: GET /logs
2024-08-28T00:13:45.240Z info: GET /logs
2024-08-28T00:13:50.241Z info: GET /logs
2024-08-28T00:13:55.622Z info: Server running on port 3000
2024-08-28T00:13:59.933Z info: GET /logs
2024-08-28T00:14:05.247Z info: GET /logs
2024-08-28T00:14:10.244Z info: GET /logs
2024-08-28T00:14:16.016Z info: Server running on port 3000
2024-08-28T00:14:19.935Z info: GET /logs
2024-08-28T00:14:24.926Z info: GET /logs
2024-08-28T00:14:29.926Z info: GET /logs
2024-08-28T00:14:35.242Z info: GET /logs
2024-08-28T00:14:40.239Z info: GET /logs
2024-08-28T00:14:45.241Z info: GET /logs
2024-08-28T00:14:50.240Z info: GET /logs
2024-08-28T00:14:55.241Z info: GET /logs
2024-08-28T00:15:00.241Z info: GET /logs
2024-08-28T00:15:05.244Z info: GET /logs
2024-08-28T00:15:10.240Z info: GET /logs
2024-08-28T00:15:15.240Z info: GET /logs
2024-08-28T00:15:20.241Z info: GET /logs
2024-08-28T00:15:25.156Z info: Server running on port 3000
2024-08-28T00:15:25.242Z info: GET /logs
2024-08-28T00:15:29.927Z info: GET /logs
2024-08-28T00:15:34.926Z info: GET /logs
2024-08-28T00:15:40.241Z info: GET /logs
2024-08-28T00:15:45.240Z info: GET /logs
2024-08-28T00:15:50.240Z info: GET /logs
2024-08-28T00:15:55.238Z info: GET /logs
2024-08-28T00:16:00.241Z info: GET /logs
2024-08-28T00:16:05.243Z info: GET /logs
2024-08-28T00:16:10.242Z info: GET /logs
2024-08-28T00:16:14.570Z info: Server running on port 3000
2024-08-28T00:16:14.991Z info: GET /logs
2024-08-28T00:16:19.927Z info: GET /logs
2024-08-28T00:16:24.008Z info: Fetching class for period: 1, userID: 1
2024-08-28T00:16:24.020Z info: POST /fetch-class-info/1/1
2024-08-28T00:16:24.072Z info: Fetching class info...
2024-08-28T00:16:24.846Z info: Found 7 classes.
2024-08-28T00:16:24.846Z info: Class found: {"period":"Period 1","class":"11 Economics","location":"J1","teacher":"Amanda Tanks By: TMY"}
2024-08-28T00:16:24.929Z info: GET /logs
2024-08-28T00:16:26.656Z info: Notification sent to class_notifier_Kian
2024-08-28T00:16:29.926Z info: GET /logs
2024-08-28T00:16:34.925Z info: GET /logs
2024-08-28T00:16:39.926Z info: GET /logs
2024-08-28T00:16:44.923Z info: GET /logs
2024-08-28T00:16:50.244Z info: GET /logs
2024-08-28T00:16:54.927Z info: GET /logs
2024-08-28T00:17:00.237Z info: GET /logs
2024-08-28T00:17:05.224Z info: GET /logs
2024-08-28T00:17:10.217Z info: GET /logs
2024-08-28T00:17:15.210Z info: GET /logs
2024-08-28T00:17:20.205Z info: GET /logs
2024-08-28T00:17:25.204Z info: GET /logs
2024-08-28T00:17:30.199Z info: GET /logs
2024-08-28T00:17:35.198Z info: GET /logs
2024-08-28T00:17:40.196Z info: GET /logs
2024-08-28T00:17:45.195Z info: GET /logs
2024-08-28T00:17:50.194Z info: GET /logs
2024-08-28T00:17:55.195Z info: GET /logs
2024-08-28T00:18:05.199Z info: GET /logs
2024-08-28T00:18:35.448Z info: Server running on port 3000
2024-08-28T00:18:52.136Z info: Server running on port 3000
2024-08-28T00:18:57.139Z info: GET /logs
2024-08-28T00:19:00.978Z info: GET /logs
2024-08-28T00:19:00.991Z info: GET /
2024-08-28T00:19:01.005Z info: SQL check successful.
2024-08-28T00:19:05.966Z info: GET /logs
2024-08-28T00:19:11.204Z info: GET /logs
2024-08-28T00:19:16.195Z info: GET /logs
2024-08-28T00:19:21.192Z info: GET /logs
2024-08-28T00:19:26.193Z info: GET /logs
2024-08-28T00:19:31.193Z info: GET /logs
2024-08-28T00:19:36.194Z info: GET /logs
2024-08-28T00:19:41.192Z info: GET /logs
2024-08-28T00:19:46.193Z info: GET /logs
2024-08-28T00:19:48.733Z info: Server running on port 3000
2024-08-28T00:19:51.338Z info: GET /logs
2024-08-28T00:19:51.349Z info: GET /
2024-08-28T00:19:51.370Z info: SQL check successful.
2024-08-28T00:19:57.194Z info: GET /logs
2024-08-28T00:19:58.820Z info: Server running on port 3000
2024-08-28T00:20:01.053Z info: GET /logs
2024-08-28T00:20:01.072Z info: GET /
2024-08-28T00:20:01.093Z info: SQL check successful.
2024-08-28T00:20:06.048Z info: GET /logs
2024-08-28T00:20:21.911Z info: GET /
2024-08-28T00:20:21.913Z info: GET /logs
2024-08-28T00:20:21.913Z info: SQL check successful.
2024-08-28T00:20:28.276Z info: GET /logs
2024-08-28T00:20:28.277Z info: GET /
2024-08-28T00:20:28.282Z info: SQL check successful.
2024-08-28T00:20:33.278Z info: GET /logs
2024-08-28T00:20:39.849Z info: GET /
2024-08-28T00:20:39.853Z info: GET /logs
2024-08-28T00:20:39.854Z info: SQL check successful.
2024-08-28T00:20:45.194Z info: GET /logs
2024-08-28T00:20:50.192Z info: GET /logs
2024-08-28T00:20:55.192Z info: GET /logs
2024-08-28T00:21:00.192Z info: GET /logs
2024-08-28T00:21:05.201Z info: GET /logs
2024-08-28T00:21:10.195Z info: GET /logs
2024-08-28T00:21:15.194Z info: GET /logs
2024-08-28T00:21:20.193Z info: GET /logs
2024-08-28T00:21:25.193Z info: GET /logs
2024-08-28T00:21:26.627Z info: Server running on port 3000
2024-08-28T00:21:28.968Z info: GET /logs
2024-08-28T00:21:28.980Z info: GET /
2024-08-28T00:21:29.003Z info: SQL check successful.
2024-08-28T00:21:33.663Z info: GET /
2024-08-28T00:21:33.664Z info: SQL check successful.
2024-08-28T00:21:33.666Z info: GET /logs
2024-08-28T00:23:51.083Z info: GET /
2024-08-28T00:23:51.089Z info: GET /logs
2024-08-28T00:23:51.106Z info: SQL check successful.
2024-08-28T00:23:54.373Z info: GET /logs
2024-08-28T00:23:54.374Z info: GET /
2024-08-28T00:23:54.376Z info: SQL check successful.
2024-08-28T00:24:15.303Z info: Server running on port 3000
2024-08-28T00:25:13.886Z info: Server running on port 3000
2024-08-28T00:25:29.349Z info: Server running on port 3000
2024-08-28T00:26:29.883Z info: Server running on port 3000
2024-08-28T00:26:48.562Z info: Server running on port 3000
2024-08-28T00:27:07.795Z info: Server running on port 3000
2024-08-28T00:27:12.387Z info: GET /
2024-08-28T00:27:12.389Z info: GET /logs
2024-08-28T00:27:12.459Z info: SQL check successful.
2024-08-28T00:27:38.287Z info: GET /logs
2024-08-28T00:27:38.289Z info: GET /
2024-08-28T00:27:38.295Z info: SQL check successful.
2024-08-28T00:28:25.170Z info: GET /
2024-08-28T00:28:25.175Z info: GET /logs
2024-08-28T00:28:25.199Z info: SQL check successful.
2024-08-28T00:28:30.158Z info: GET /logs
2024-08-28T00:28:35.155Z info: GET /logs
2024-08-28T00:28:40.194Z info: GET /logs
2024-08-28T00:28:45.189Z info: GET /logs
2024-08-28T00:28:50.156Z info: GET /logs
2024-08-28T00:28:52.839Z info: Adding user: c with cookies: {"CFID":"r","CFTOKEN":"f","SESSIONID":"e","SESSIONTOKEN":"e"}
2024-08-28T00:28:52.839Z error: User add error: addUser is not defined
2024-08-28T00:28:52.841Z info: POST /add-user
2024-08-28T00:28:55.157Z info: GET /logs
2024-08-28T00:29:00.155Z info: GET /logs
2024-08-28T00:29:05.154Z info: GET /logs
2024-08-28T00:30:10.465Z info: Server running on port 3000
2024-08-28T00:30:15.046Z info: GET /logs
2024-08-28T00:30:15.054Z info: GET /
2024-08-28T00:30:15.101Z info: SQL check successful.
2024-08-28T00:30:20.045Z info: GET /logs
2024-08-28T00:30:21.636Z info: Adding user: test with cookies: {"CFID":"1","CFTOKEN":"2","SESSIONID":"3","SESSIONTOKEN":"4"}
2024-08-28T00:30:21.637Z info: POST /add-user
2024-08-28T00:30:21.647Z info: User test added successfully
2024-08-28T00:30:21.649Z info: Cookies added for user test
2024-08-28T00:30:21.650Z info: User test added successfully with cookies: {"CFID":"1","CFTOKEN":"2","SESSIONID":"3","SESSIONTOKEN":"4"}
2024-08-28T00:30:25.045Z info: GET /logs
2024-08-28T00:30:30.046Z info: GET /logs
2024-08-28T00:30:53.592Z info: GET /
2024-08-28T00:30:53.603Z info: GET /logs
2024-08-28T00:30:53.625Z info: SQL check successful.
2024-08-28T00:30:59.189Z info: GET /logs
2024-08-28T00:31:04.185Z info: GET /logs
2024-08-28T00:31:09.190Z info: GET /logs
2024-08-28T00:31:14.187Z info: GET /logs
2024-08-28T00:31:19.186Z info: GET /logs
2024-08-28T00:31:24.186Z info: GET /logs
2024-08-28T00:31:29.189Z info: GET /logs
2024-08-28T00:31:34.188Z info: GET /logs
2024-08-28T00:31:39.189Z info: GET /logs
2024-08-28T00:31:44.187Z info: GET /logs
2024-08-28T00:31:49.188Z info: GET /logs
2024-08-28T00:31:54.188Z info: GET /logs
2024-08-28T00:32:05.197Z info: GET /logs
2024-08-28T00:32:10.572Z info: Server running on port 3000
2024-08-28T00:32:11.081Z info: GET /logs
2024-08-28T00:32:14.190Z info: GET /logs
2024-08-28T00:32:19.186Z info: GET /logs
2024-08-28T00:32:24.188Z info: GET /logs
2024-08-28T00:32:29.184Z info: GET /logs
2024-08-28T00:32:34.186Z info: GET /logs
2024-08-28T00:32:39.188Z info: GET /logs
2024-08-28T00:32:44.187Z info: GET /logs
2024-08-28T00:32:49.191Z info: GET /logs
2024-08-28T00:32:54.187Z info: GET /logs
2024-08-28T00:32:59.188Z info: GET /logs
2024-08-28T00:33:01.024Z info: Server running on port 3000
2024-08-28T00:33:03.828Z info: GET /logs
2024-08-28T00:33:03.839Z info: GET /
2024-08-28T00:33:03.878Z info: SQL check successful.
2024-08-28T00:33:23.766Z info: Server running on port 3000
2024-08-28T00:33:25.388Z info: GET /
2024-08-28T00:33:25.391Z info: GET /logs
2024-08-28T00:33:25.417Z info: SQL check successful.
2024-08-28T00:33:30.028Z info: GET /
2024-08-28T00:33:30.034Z info: GET /logs
2024-08-28T00:33:30.037Z info: SQL check successful.
2024-08-28T00:33:37.426Z info: GET /
2024-08-28T00:33:37.427Z info: GET /logs
2024-08-28T00:33:37.428Z info: SQL check successful.
2024-08-28T00:33:52.665Z info: Server running on port 3000
2024-08-28T00:33:54.918Z info: GET /logs
2024-08-28T00:33:54.934Z info: GET /
2024-08-28T00:33:54.954Z info: SQL check successful.
2024-08-28T00:34:09.889Z info: Server running on port 3000
2024-08-28T00:34:12.825Z info: GET /
2024-08-28T00:34:12.830Z info: GET /logs
2024-08-28T00:34:12.851Z info: SQL check successful.
2024-08-28T00:34:26.377Z info: GET /
2024-08-28T00:34:26.380Z info: GET /logs
2024-08-28T00:34:26.404Z info: SQL check successful.
2024-08-28T00:34:35.714Z info: GET /logs
2024-08-28T00:34:35.715Z info: GET /
2024-08-28T00:34:35.720Z info: SQL check successful.
2024-08-28T01:02:47.821Z info: GET /logs
2024-08-28T01:02:47.824Z info: GET /
2024-08-28T01:02:47.851Z info: SQL check successful.
2024-08-28T01:02:55.078Z info: OPTIONS /logs
2024-08-28T01:02:55.080Z info: GET /logs
2024-08-28T01:02:55.566Z info: GET /
2024-08-28T01:02:55.567Z info: GET /logs
2024-08-28T01:02:55.572Z info: SQL check successful.
2024-08-28T01:02:57.515Z info: GET /logs
2024-08-28T01:02:59.912Z info: GET /logs
2024-08-28T01:02:59.912Z info: GET /
2024-08-28T01:02:59.918Z info: SQL check successful.
2024-08-28T01:03:02.616Z info: OPTIONS /logs
2024-08-28T01:03:02.617Z info: GET /logs
2024-08-28T01:04:43.138Z info: Server running on port 3000
2024-08-28T01:04:44.612Z info: OPTIONS /logs
2024-08-28T01:04:44.621Z info: GET /logs
2024-08-28T01:16:38.250Z info: GET /
2024-08-28T01:16:38.262Z info: GET /logs
2024-08-28T01:16:38.341Z info: SQL check successful.
2024-08-28T01:16:43.222Z info: GET /logs
2024-08-28T01:16:48.215Z info: GET /logs
2024-08-28T01:16:53.462Z info: GET /
2024-08-28T01:16:53.465Z info: GET /logs
2024-08-28T01:16:53.467Z info: SQL check successful.
2024-08-28T01:48:46.891Z info: GET /
2024-08-28T01:48:46.899Z info: GET /logs
2024-08-28T01:48:46.954Z info: SQL check successful.
2024-08-28T01:48:51.863Z info: GET /logs
2024-08-28T01:48:56.860Z info: GET /logs
2024-08-28T01:49:01.859Z info: GET /logs
2024-08-28T01:49:06.866Z info: GET /logs
2024-08-28T01:49:11.860Z info: GET /logs
2024-08-28T01:49:17.094Z info: GET /logs
2024-08-28T01:49:22.094Z info: GET /logs
2024-08-28T01:49:27.095Z info: GET /logs
2024-08-28T01:49:32.096Z info: GET /logs
2024-08-28T01:49:37.093Z info: GET /logs
2024-08-28T01:49:41.864Z info: GET /logs
2024-08-28T01:49:45.435Z info: OPTIONS /logs
2024-08-28T01:49:45.438Z info: GET /logs
2024-08-28T01:50:00.304Z info: Notifying all users for period: 4
2024-08-28T01:50:00.345Z info: Fetching class for period: 4, userID: 1
2024-08-28T01:50:00.345Z info: Fetching class for period: 4, userID: 2
2024-08-28T01:50:00.347Z info: Fetching class for period: 4, userID: 3
2024-08-28T01:50:00.354Z info: Fetching class info...
2024-08-28T01:50:00.395Z info: Fetching class info...
2024-08-28T01:50:00.397Z info: Fetching class info...
2024-08-28T01:50:02.231Z info: Found 0 classes.
2024-08-28T01:50:02.231Z warn: No class for period 4
2024-08-28T01:50:02.231Z warn: No class for userID: 3, period: 4
2024-08-28T01:50:02.262Z info: Found 7 classes.
2024-08-28T01:50:02.262Z info: Class found: {"period":"Period 4","class":"11 Essential English","location":"LB","teacher":"Rachel Kimlin"}
2024-08-28T01:50:02.274Z info: Found 7 classes.
2024-08-28T01:50:02.274Z info: Class found: {"period":"Period 4","class":"11 Essential English","location":"LB","teacher":"Rachel Kimlin"}
2024-08-28T01:50:02.276Z info: Sending notification: Next class: Period 4, 11 Essential English, Rachel Kimlin at LB
2024-08-28T01:50:02.277Z info: Sending notification: Next class: Period 4, 11 Essential English, Rachel Kimlin at LB
2024-08-28T01:50:03.077Z info: Notification sent to class_notifier_Kian
2024-08-28T01:50:03.113Z info: Notification sent to class_notifier_admin
2024-08-28T01:59:28.978Z info: OPTIONS /logs
2024-08-28T01:59:28.981Z info: GET /logs
2024-08-28T01:59:43.760Z info: Server running on port 3000
2024-08-28T01:59:47.086Z info: OPTIONS /logs
2024-08-28T01:59:47.090Z info: GET /logs
2024-08-28T01:59:48.636Z info: GET /logs
2024-08-28T01:59:48.654Z info: GET /
2024-08-28T01:59:48.688Z info: SQL check successful.
2024-08-28T02:00:13.308Z info: GET /
2024-08-28T02:00:13.316Z info: GET /logs
2024-08-28T02:00:13.323Z info: SQL check successful.
2024-08-28T02:00:20.245Z info: GET /
2024-08-28T02:00:20.249Z info: GET /logs
2024-08-28T02:00:20.250Z info: SQL check successful.
2024-08-28T02:00:21.346Z info: OPTIONS /logs
2024-08-28T02:00:21.348Z info: GET /logs
2024-08-28T02:00:24.059Z info: OPTIONS /logs
2024-08-28T02:00:24.062Z info: GET /logs
2024-08-28T02:00:25.537Z info: GET /logs
2024-08-28T02:00:30.558Z info: OPTIONS /logs
2024-08-28T02:00:30.570Z info: GET /logs
2024-08-28T02:00:31.987Z info: GET /
2024-08-28T02:00:31.989Z info: GET /logs
2024-08-28T02:00:32.013Z info: SQL check successful.
2024-08-28T02:01:05.120Z info: GET /logs
2024-08-28T02:01:05.121Z info: GET /
2024-08-28T02:01:05.144Z info: SQL check successful.
2024-08-28T02:01:12.524Z info: OPTIONS /logs
2024-08-28T02:01:12.526Z info: GET /logs
2024-08-28T02:01:44.076Z info: Server running on port 3000
2024-08-28T02:01:46.926Z info: OPTIONS /logs
2024-08-28T02:01:46.929Z info: GET /logs
2024-08-28T02:01:56.969Z info: GET /
2024-08-28T02:01:56.971Z info: GET /logs
2024-08-28T02:01:57.033Z info: SQL check successful.
2024-08-28T02:01:57.207Z info: OPTIONS /logs
2024-08-28T02:01:57.224Z info: GET /logs
2024-08-28T02:02:01.945Z info: GET /logs
2024-08-28T02:02:07.049Z info: GET /logs
2024-08-28T02:02:12.045Z info: GET /logs
2024-08-28T02:02:17.046Z info: GET /logs
2024-08-28T02:02:21.967Z info: GET /logs
2024-08-28T02:02:26.965Z info: GET /logs
2024-08-28T02:02:32.009Z info: GET /logs
2024-08-28T02:02:37.009Z info: GET /logs
2024-08-28T02:02:42.007Z info: GET /logs
2024-08-28T02:02:47.007Z info: GET /logs
2024-08-28T02:02:52.010Z info: GET /logs
2024-08-28T02:02:57.007Z info: GET /logs
2024-08-28T02:03:02.008Z info: GET /logs
2024-08-28T02:03:07.008Z info: GET /logs
2024-08-28T02:03:12.007Z info: GET /logs
2024-08-28T02:03:17.010Z info: GET /logs
2024-08-28T02:03:22.007Z info: GET /logs
2024-08-28T02:03:27.008Z info: GET /logs
2024-08-28T02:04:10.014Z info: GET /logs
2024-08-28T02:05:10.033Z info: GET /logs
2024-08-28T02:06:10.014Z info: GET /logs
2024-08-28T02:07:10.035Z info: GET /logs
2024-08-28T02:08:10.025Z info: GET /logs
2024-08-28T02:09:10.040Z info: GET /logs
2024-08-28T02:10:10.030Z info: GET /logs
2024-08-28T02:11:10.028Z info: GET /logs
2024-08-28T02:12:10.037Z info: GET /logs
2024-08-28T02:13:10.020Z info: GET /logs
2024-08-28T02:14:10.011Z info: GET /logs
2024-08-28T02:15:10.029Z info: GET /logs
2024-08-28T02:16:10.011Z info: GET /logs
2024-08-28T02:17:10.018Z info: GET /logs
2024-08-28T02:18:10.010Z info: GET /logs
2024-08-28T02:19:10.007Z info: GET /logs
2024-08-28T02:20:10.018Z info: GET /logs
2024-08-28T02:21:09.984Z info: GET /logs
2024-08-28T02:22:09.979Z info: GET /logs
2024-08-28T02:23:09.966Z info: GET /logs
2024-08-28T02:24:09.993Z info: GET /logs
2024-08-28T02:25:09.992Z info: GET /logs
2024-08-28T02:26:09.992Z info: GET /logs
2024-08-28T02:27:09.969Z info: GET /logs
2024-08-28T02:28:09.976Z info: GET /logs
2024-08-28T02:29:02.142Z info: GET /logs
2024-08-28T02:29:06.896Z info: GET /logs
2024-08-28T02:29:13.199Z info: OPTIONS /logs
2024-08-28T02:29:13.200Z info: GET /logs
2024-08-28T03:30:00.592Z info: Notifying all users for period: 5
2024-08-28T03:30:00.649Z info: Fetching class for period: 5, userID: 1
2024-08-28T03:30:00.649Z info: Fetching class for period: 5, userID: 2
2024-08-28T03:30:00.651Z info: Fetching class for period: 5, userID: 3
2024-08-28T03:30:00.662Z info: Fetching class info...
2024-08-28T03:30:00.704Z error: Fetch error: getaddrinfo ENOTFOUND tassweb.salc.qld.edu.au
2024-08-28T03:30:00.704Z error: Class fetch error: getaddrinfo ENOTFOUND tassweb.salc.qld.edu.au
2024-08-28T03:30:00.704Z error: Class notification error: getaddrinfo ENOTFOUND tassweb.salc.qld.edu.au
2024-08-28T03:30:00.705Z info: Fetching class info...
2024-08-28T03:30:00.706Z info: Fetching class info...
2024-08-28T03:30:00.707Z error: Fetch error: getaddrinfo ENOTFOUND tassweb.salc.qld.edu.au
2024-08-28T03:30:00.707Z error: Class fetch error: getaddrinfo ENOTFOUND tassweb.salc.qld.edu.au
2024-08-28T03:30:00.707Z error: Class notification error: getaddrinfo ENOTFOUND tassweb.salc.qld.edu.au
2024-08-28T03:30:00.707Z error: Fetch error: getaddrinfo ENOTFOUND tassweb.salc.qld.edu.au
2024-08-28T03:30:00.707Z error: Class fetch error: getaddrinfo ENOTFOUND tassweb.salc.qld.edu.au
2024-08-28T03:30:00.707Z error: Class notification error: getaddrinfo ENOTFOUND tassweb.salc.qld.edu.au
2024-08-28T03:31:13.521Z info: OPTIONS /logs
2024-08-28T03:31:13.525Z info: GET /logs
2024-08-28T03:31:17.371Z info: GET /logs
2024-08-28T03:31:17.372Z info: GET /
2024-08-28T03:31:17.401Z info: SQL check successful.
2024-08-28T03:34:58.435Z info: GET /
2024-08-28T03:34:58.445Z info: GET /logs
2024-08-28T03:34:58.468Z info: SQL check successful.
2024-08-28T03:35:02.666Z info: OPTIONS /logs
2024-08-28T03:35:02.668Z info: GET /logs
2024-08-28T03:35:03.557Z info: GET /logs
2024-08-28T03:35:03.558Z info: GET /
2024-08-28T03:35:03.565Z info: SQL check successful.
2024-08-28T03:35:08.560Z info: GET /logs
2024-08-28T04:20:00.829Z info: Notifying all users for period: 6
2024-08-28T04:20:00.910Z info: Fetching class for period: 6, userID: 1
2024-08-28T04:20:00.910Z info: Fetching class for period: 6, userID: 2
2024-08-28T04:20:00.910Z info: Fetching class for period: 6, userID: 3
2024-08-28T04:20:00.916Z info: Fetching class info...
2024-08-28T04:20:00.948Z info: Fetching class info...
2024-08-28T04:20:00.950Z info: Fetching class info...
2024-08-28T04:20:02.978Z info: Found 7 classes.
2024-08-28T04:20:02.978Z info: Class found: {"period":"Period 6","class":"Study 4","location":"CRC1","teacher":"Tania Garner"}
2024-08-28T04:20:02.993Z info: Found 7 classes.
2024-08-28T04:20:02.993Z info: Class found: {"period":"Period 6","class":"Study 4","location":"CRC1","teacher":"Tania Garner"}
2024-08-28T04:20:02.994Z info: Found 0 classes.
2024-08-28T04:20:02.994Z warn: No class for period 6
2024-08-28T04:20:02.994Z warn: No class for userID: 3, period: 6
2024-08-28T04:20:02.995Z info: Sending notification: Next class: Period 6, Study 4, Tania Garner at CRC1
2024-08-28T04:20:02.996Z info: Sending notification: Next class: Period 6, Study 4, Tania Garner at CRC1
2024-08-28T04:20:03.787Z info: Notification sent to class_notifier_Kian
2024-08-28T04:20:03.843Z info: Notification sent to class_notifier_admin
2024-08-28T04:30:08.819Z info: GET /
2024-08-28T04:30:08.823Z info: GET /logs
2024-08-28T04:30:08.848Z info: SQL check successful.
2024-08-28T04:30:13.815Z info: GET /logs
2024-08-28T04:30:14.886Z info: GET /
2024-08-28T04:30:14.894Z info: GET /logs
2024-08-28T04:30:14.911Z info: SQL check successful.
2024-08-28T04:30:20.446Z info: GET /
2024-08-28T04:30:20.449Z info: GET /logs
2024-08-28T04:30:20.470Z info: SQL check successful.
2024-08-28T04:30:21.174Z info: OPTIONS /logs
2024-08-28T04:30:21.175Z info: GET /logs
2024-08-28T04:30:27.737Z info: GET /
2024-08-28T04:30:27.760Z info: SQL check successful.
2024-08-28T04:30:27.773Z info: GET /logs
2024-08-28T04:30:39.794Z info: GET /
2024-08-28T04:30:39.802Z info: GET /logs
2024-08-28T04:30:39.809Z info: SQL check successful.
2024-08-28T04:31:38.233Z info: GET /
2024-08-28T04:31:38.236Z info: GET /logs
2024-08-28T04:31:38.265Z info: SQL check successful.
2024-08-28T04:31:43.220Z info: GET /logs
2024-08-28T04:31:48.220Z info: GET /logs
2024-08-28T04:31:58.474Z info: OPTIONS /logs
2024-08-28T04:31:58.476Z info: GET /logs
2024-08-28T04:38:21.392Z info: POST /send-notification/class_notifier_kian/hi
2024-08-28T04:38:22.369Z info: Notification sent to class_notifier_kian
2024-08-28T04:38:22.369Z info: Notification sent to: class_notifier_kian
2024-08-28T04:38:35.957Z info: POST /send-notification/class_notifier_kian/hi
2024-08-28T04:38:36.784Z info: Notification sent to class_notifier_kian
2024-08-28T04:38:36.784Z info: Notification sent to: class_notifier_kian
2024-08-28T04:39:00.001Z info: POST /send-notification/class_notifier_Kian/hi
2024-08-28T04:39:00.872Z info: Notification sent to class_notifier_Kian
2024-08-28T04:39:00.872Z info: Notification sent to: class_notifier_Kian
2024-08-28T04:57:01.568Z info: OPTIONS /logs
2024-08-28T04:57:01.592Z info: GET /logs
2024-08-28T04:57:11.835Z info: OPTIONS /logs
2024-08-28T04:57:11.946Z info: GET /logs
2024-08-28T05:55:45.118Z info: OPTIONS /logs
2024-08-28T05:55:45.122Z info: GET /logs
2024-08-28T05:55:51.585Z info: OPTIONS /logs
2024-08-28T05:55:51.593Z info: GET /logs
2024-08-28T05:57:08.853Z info: OPTIONS /logs
2024-08-28T05:57:08.855Z info: GET /logs
2024-08-28T06:00:20.552Z info: OPTIONS /logs
2024-08-28T06:00:20.553Z info: GET /logs
2024-08-28T06:00:24.606Z info: OPTIONS /logs
2024-08-28T06:00:24.606Z info: GET /logs
2024-08-28T08:33:56.621Z info: OPTIONS /logs
2024-08-28T08:33:56.623Z info: GET /logs
2024-08-28T08:33:58.759Z info: GET /logs
2024-08-28T08:37:41.723Z info: OPTIONS /logs
2024-08-28T08:37:41.725Z info: GET /logs
2024-08-28T08:37:45.953Z info: OPTIONS /logs
2024-08-28T08:37:45.957Z info: GET /logs
2024-08-28T08:40:32.353Z info: OPTIONS /logs
2024-08-28T08:40:32.357Z info: GET /logs
